-------------------------------------------------------------------------------
Test set: com.swpu.uchain.openexperiment.service.impl.ExportExcelTest
-------------------------------------------------------------------------------
Tests run: 1, Failures: 0, Errors: 1, Skipped: 0, Time elapsed: 0 s <<< FAILURE! - in com.swpu.uchain.openexperiment.service.impl.ExportExcelTest
initializationError(com.swpu.uchain.openexperiment.service.impl.ExportExcelTest)  Time elapsed: 0 s  <<< ERROR!
java.lang.Exception: No runnable methods

